2025-01-22 02:18:00,334 - __main__ - INFO - Starting server - Debug: False, Host: 0.0.0.0, Port: 5000
2025-01-22 02:18:20,134 - __main__ - INFO - Received search request - Platform: zlibrary, Keyword: 7040396629
2025-01-22 02:18:22,053 - __main__ - INFO - Search completed - Found 7 books
2025-01-22 02:18:38,457 - __main__ - INFO - Received search request - Platform: zlibrary, Keyword: 7040396629
2025-01-22 02:18:39,228 - __main__ - INFO - Search completed - Found 7 books
2025-01-22 02:19:44,159 - __main__ - INFO - Received search request - Platform: zlibrary, Keyword: 9787040396621
2025-01-22 02:19:44,839 - __main__ - INFO - Search completed - Found 7 books
2025-01-22 02:21:25,694 - __main__ - INFO - Received search request - Platform: zlibrary, Keyword: 高等数学
2025-01-22 02:21:26,943 - __main__ - INFO - Search completed - Found 50 books
2025-01-22 02:21:44,633 - __main__ - INFO - Received search request - Platform: zlibrary, Keyword: 计算机网络
2025-01-22 02:21:45,681 - __main__ - INFO - Search completed - Found 50 books
2025-01-22 02:25:01,097 - __main__ - INFO - Received search request - Platform: zlibrary, Keyword: 啊
2025-01-22 02:25:01,879 - __main__ - INFO - Search completed - Found 50 books
2025-01-22 02:25:12,467 - __main__ - INFO - Received search request - Platform: zlibrary, Keyword: 大冰
2025-01-22 02:25:17,479 - __main__ - ERROR - Search failed: Search failed on zlibrary: Request failed: ('Connection aborted.', ConnectionResetError(10054, '远程主机强迫关闭了一个现有的连接。', None, 10054, None))
2025-01-22 02:25:17,480 - __main__ - ERROR - Book search error: Search failed on zlibrary: Request failed: ('Connection aborted.', ConnectionResetError(10054, '远程主机强迫关闭了一个现有的连接。', None, 10054, None))
2025-01-22 02:25:27,879 - __main__ - INFO - Received search request - Platform: zlibrary, Keyword: 操作系统
2025-01-22 02:25:32,895 - __main__ - ERROR - Search failed: Search failed on zlibrary: Request failed: ('Connection aborted.', ConnectionResetError(10054, '远程主机强迫关闭了一个现有的连接。', None, 10054, None))
2025-01-22 02:25:32,895 - __main__ - ERROR - Book search error: Search failed on zlibrary: Request failed: ('Connection aborted.', ConnectionResetError(10054, '远程主机强迫关闭了一个现有的连接。', None, 10054, None))
2025-01-22 02:25:58,896 - __main__ - INFO - Received search request - Platform: zlibrary, Keyword: 9787040396621
2025-01-22 02:26:00,015 - __main__ - INFO - Search completed - Found 7 books
2025-01-22 02:27:02,846 - __main__ - INFO - Received search request - Platform: zlibrary, Keyword: 蔡总系统
2025-01-22 02:27:03,999 - __main__ - INFO - Search completed - Found 49 books
2025-01-22 02:30:11,894 - __main__ - INFO - Received search request - Platform: zlibrary, Keyword: 9787040396621
2025-01-22 02:30:12,838 - __main__ - INFO - Search completed - Found 7 books
2025-01-22 02:38:06,402 - __main__ - INFO - Received search request - Platform: zlibrary, Keyword: 9787040396621
2025-01-22 02:38:07,674 - __main__ - INFO - Search completed - Found 7 books
2025-01-22 03:01:14,592 - __main__ - INFO - Starting server - Debug: False, Host: 0.0.0.0, Port: 5000
2025-01-22 03:05:52,265 - __main__ - INFO - Starting server - Debug: False, Host: 0.0.0.0, Port: 5000
2025-01-22 03:06:14,125 - __main__ - INFO - Received search request - Platform: zlibrary, Keyword: 9787040396621
2025-01-22 03:06:19,139 - __main__ - ERROR - Search failed: Search failed on Z-Library: Request failed: ('Connection aborted.', ConnectionResetError(10054, '远程主机强迫关闭了一个现有的连接。', None, 10054, None))
2025-01-22 03:06:19,140 - __main__ - ERROR - Book search error: Search failed on Z-Library: Request failed: ('Connection aborted.', ConnectionResetError(10054, '远程主机强迫关闭了一个现有的连接。', None, 10054, None))
2025-01-22 03:06:26,977 - __main__ - INFO - Received search request - Platform: zlibrary, Keyword: 9787040396621
2025-01-22 03:06:27,765 - __main__ - INFO - Search completed - Found 7 books
2025-01-22 03:09:54,852 - __main__ - INFO - Received search request - Platform: zlibrary, Keyword: 9787040396621
2025-01-22 03:09:55,945 - __main__ - INFO - Search completed - Found 7 books
2025-01-22 03:09:56,195 - __main__ - INFO - Received search request - Platform: zlibrary, Keyword: 9787040396621
2025-01-22 03:09:57,305 - __main__ - INFO - Search completed - Found 7 books
2025-01-22 03:09:57,620 - __main__ - INFO - Received search request - Platform: zlibrary, Keyword: 9787040396621
2025-01-22 03:09:58,729 - __main__ - INFO - Search completed - Found 7 books
2025-01-22 03:10:05,100 - __main__ - INFO - Received search request - Platform: zlibrary, Keyword: 9787040396621
2025-01-22 03:10:06,190 - __main__ - INFO - Search completed - Found 7 books
2025-01-22 03:11:42,601 - __main__ - INFO - Received search request - Platform: zlibrary, Keyword: 计算机网络
2025-01-22 03:11:43,632 - __main__ - INFO - Search completed - Found 50 books
2025-01-22 03:14:13,489 - __main__ - INFO - Received search request - Platform: zlibrary, Keyword: 计算机网络
2025-01-22 03:14:14,246 - __main__ - INFO - Search completed - Found 50 books
2025-01-22 03:14:19,355 - __main__ - INFO - Received search request - Platform: zlibrary, Keyword: 计算机网络
2025-01-22 03:14:20,189 - __main__ - INFO - Search completed - Found 50 books
2025-01-22 03:14:31,850 - __main__ - INFO - Received search request - Platform: zlibrary, Keyword: 人民日报
2025-01-22 03:14:32,678 - __main__ - INFO - Search completed - Found 50 books
2025-01-22 03:15:26,503 - __main__ - INFO - Received search request - Platform: zlibrary, Keyword: 哈哈
2025-01-22 03:15:27,301 - __main__ - INFO - Search completed - Found 50 books
2025-01-22 03:23:06,987 - __main__ - INFO - Received search request - Platform: zlibrary, Keyword: 哈哈
2025-01-22 03:23:08,250 - __main__ - INFO - Search completed - Found 50 books
2025-01-22 03:28:23,279 - __main__ - INFO - Received search request - Platform: zlibrary, Keyword: 你好
2025-01-22 03:28:24,552 - __main__ - INFO - Search completed - Found 50 books
2025-01-22 03:28:27,848 - __main__ - INFO - Received search request - Platform: zlibrary, Keyword: 你好
2025-01-22 03:28:29,124 - __main__ - INFO - Search completed - Found 50 books
2025-01-22 03:28:30,227 - __main__ - INFO - Received search request - Platform: zlibrary, Keyword: 你好
2025-01-22 03:28:31,561 - __main__ - INFO - Search completed - Found 50 books
2025-01-22 03:28:31,869 - __main__ - INFO - Received search request - Platform: zlibrary, Keyword: 你好
2025-01-22 03:28:33,170 - __main__ - INFO - Search completed - Found 50 books
2025-01-22 03:28:41,709 - __main__ - INFO - Received search request - Platform: zlibrary, Keyword: 你好
2025-01-22 03:28:42,910 - __main__ - INFO - Search completed - Found 50 books
2025-01-22 03:29:07,754 - __main__ - INFO - Received search request - Platform: zlibrary, Keyword: 高等数学
2025-01-22 03:29:09,013 - __main__ - INFO - Search completed - Found 50 books
2025-01-22 03:29:12,144 - __main__ - INFO - Received search request - Platform: zlibrary, Keyword: 高等数学
2025-01-22 03:29:13,340 - __main__ - INFO - Search completed - Found 50 books
2025-01-22 03:29:15,132 - __main__ - INFO - Received search request - Platform: zlibrary, Keyword: 高等数学
2025-01-22 03:29:16,383 - __main__ - INFO - Search completed - Found 50 books
2025-01-22 03:29:18,268 - __main__ - INFO - Received search request - Platform: zlibrary, Keyword: 高等数学
2025-01-22 03:29:19,174 - __main__ - INFO - Search completed - Found 50 books
2025-01-22 03:29:40,638 - __main__ - INFO - Received search request - Platform: zlibrary, Keyword: 高等数学 同济大学
2025-01-22 03:29:45,664 - __main__ - ERROR - Search failed: Search failed on Z-Library: Request failed: ('Connection aborted.', ConnectionResetError(10054, '远程主机强迫关闭了一个现有的连接。', None, 10054, None))
2025-01-22 03:29:45,664 - __main__ - ERROR - Book search error: Search failed on Z-Library: Request failed: ('Connection aborted.', ConnectionResetError(10054, '远程主机强迫关闭了一个现有的连接。', None, 10054, None))
2025-01-22 03:29:45,982 - __main__ - INFO - Received search request - Platform: zlibrary, Keyword: 高等数学 同济大学
2025-01-22 03:29:47,214 - __main__ - INFO - Search completed - Found 50 books
2025-01-22 03:31:15,974 - __main__ - INFO - Received search request - Platform: zlibrary, Keyword: 哈哈
2025-01-22 03:31:17,325 - __main__ - INFO - Search completed - Found 50 books
2025-01-22 03:31:47,626 - __main__ - INFO - Received search request - Platform: zlibrary, Keyword: 9787040396621
2025-01-22 03:31:48,308 - __main__ - INFO - Search completed - Found 7 books
2025-01-22 03:39:22,540 - __main__ - INFO - Received search request - Platform: zlibrary, Keyword: 哈哈
2025-01-22 03:39:25,471 - __main__ - INFO - Search completed - Found 50 books
2025-01-22 03:39:48,691 - __main__ - INFO - Received search request - Platform: zlibrary, Keyword: 高等数学
2025-01-22 03:39:49,846 - __main__ - INFO - Search completed - Found 50 books
2025-01-22 03:39:51,962 - __main__ - INFO - Received search request - Platform: zlibrary, Keyword: 高等数学
2025-01-22 03:39:53,117 - __main__ - INFO - Search completed - Found 50 books
2025-01-22 03:39:57,263 - __main__ - INFO - Received search request - Platform: zlibrary, Keyword: 高等数学
2025-01-22 03:39:58,495 - __main__ - INFO - Search completed - Found 50 books
2025-01-22 03:40:04,474 - __main__ - INFO - Received search request - Platform: zlibrary, Keyword: 高等数学
2025-01-22 03:40:09,506 - __main__ - ERROR - Search failed: Search failed on Z-Library: Request failed: ('Connection aborted.', ConnectionResetError(10054, '远程主机强迫关闭了一个现有的连接。', None, 10054, None))
2025-01-22 03:40:09,507 - __main__ - ERROR - Book search error: Search failed on Z-Library: Request failed: ('Connection aborted.', ConnectionResetError(10054, '远程主机强迫关闭了一个现有的连接。', None, 10054, None))
2025-01-22 03:40:12,087 - __main__ - INFO - Received search request - Platform: zlibrary, Keyword: 高等数学
2025-01-22 03:40:17,104 - __main__ - ERROR - Search failed: Search failed on Z-Library: Request failed: ('Connection aborted.', ConnectionResetError(10054, '远程主机强迫关闭了一个现有的连接。', None, 10054, None))
2025-01-22 03:40:17,105 - __main__ - ERROR - Book search error: Search failed on Z-Library: Request failed: ('Connection aborted.', ConnectionResetError(10054, '远程主机强迫关闭了一个现有的连接。', None, 10054, None))
2025-01-22 03:40:23,798 - __main__ - INFO - Received search request - Platform: zlibrary, Keyword: 高等数学
2025-01-22 03:40:28,813 - __main__ - ERROR - Search failed: Search failed on Z-Library: Request failed: ('Connection aborted.', ConnectionResetError(10054, '远程主机强迫关闭了一个现有的连接。', None, 10054, None))
2025-01-22 03:40:28,813 - __main__ - ERROR - Book search error: Search failed on Z-Library: Request failed: ('Connection aborted.', ConnectionResetError(10054, '远程主机强迫关闭了一个现有的连接。', None, 10054, None))
2025-01-22 03:40:41,416 - __main__ - INFO - Received search request - Platform: zlibrary, Keyword: 9787040396621
2025-01-22 03:40:46,423 - __main__ - ERROR - Search failed: Search failed on Z-Library: Request failed: ('Connection aborted.', ConnectionResetError(10054, '远程主机强迫关闭了一个现有的连接。', None, 10054, None))
2025-01-22 03:40:46,424 - __main__ - ERROR - Book search error: Search failed on Z-Library: Request failed: ('Connection aborted.', ConnectionResetError(10054, '远程主机强迫关闭了一个现有的连接。', None, 10054, None))
2025-01-22 03:40:58,534 - __main__ - INFO - Received search request - Platform: zlibrary, Keyword: 9787040396621
2025-01-22 03:40:59,660 - __main__ - INFO - Search completed - Found 7 books
2025-01-22 03:41:14,678 - __main__ - INFO - Received search request - Platform: zlibrary, Keyword: 高等学校
2025-01-22 03:41:18,782 - __main__ - INFO - Received search request - Platform: zlibrary, Keyword: 高等数学
2025-01-22 03:41:19,693 - __main__ - ERROR - Search failed: Search failed on Z-Library: Request failed: ('Connection aborted.', ConnectionResetError(10054, '远程主机强迫关闭了一个现有的连接。', None, 10054, None))
2025-01-22 03:41:19,693 - __main__ - ERROR - Book search error: Search failed on Z-Library: Request failed: ('Connection aborted.', ConnectionResetError(10054, '远程主机强迫关闭了一个现有的连接。', None, 10054, None))
2025-01-22 03:41:20,013 - __main__ - INFO - Search completed - Found 50 books
