2025-01-22 02:14:10,465 - __main__ - INFO - Starting server - Debug: False, Host: 0.0.0.0, Port: 5000
2025-02-04 23:16:53,375 - __main__ - INFO - Starting server - Debug: False, Host: 0.0.0.0, Port: 5000
2025-02-04 23:16:56,762 - __main__ - INFO - Received search request - Platform: zlibrary, Keyword: 操作系统
2025-02-04 23:16:57,123 - __main__ - ERROR - Search failed: module 'requests' has no attribute 'SSLError'
2025-02-04 23:17:36,235 - __main__ - INFO - Starting server - Debug: False, Host: 0.0.0.0, Port: 5000
2025-02-04 23:17:50,997 - __main__ - INFO - Received search request - Platform: zlibrary, Keyword: 语言
2025-02-04 23:17:51,372 - __main__ - ERROR - Search failed: Search failed on Z-Library: Request failed: HTTPSConnectionPool(host='z-library.sk', port=443): Max retries exceeded with url: /s/%E8%AF%AD%E8%A8%80 (Caused by SSLError(SSLEOFError(8, '[SSL: UNEXPECTED_EOF_WHILE_READING] EOF occurred in violation of protocol (_ssl.c:1000)')))
2025-02-04 23:17:51,373 - __main__ - ERROR - Book search error: Search failed on Z-Library: Request failed: HTTPSConnectionPool(host='z-library.sk', port=443): Max retries exceeded with url: /s/%E8%AF%AD%E8%A8%80 (Caused by SSLError(SSLEOFError(8, '[SSL: UNEXPECTED_EOF_WHILE_READING] EOF occurred in violation of protocol (_ssl.c:1000)')))
2025-02-04 23:19:59,323 - __main__ - INFO - Received search request - Platform: zlibrary, Keyword: 语言
2025-02-04 23:20:00,420 - __main__ - INFO - Search completed - Found 50 books
2025-02-04 23:20:14,374 - __main__ - INFO - Received search request - Platform: zlibrary, Keyword: 操作系统
2025-02-04 23:20:15,389 - __main__ - INFO - Search completed - Found 50 books
2025-02-04 23:20:19,836 - __main__ - INFO - Received search request - Platform: zlibrary, Keyword: 操作系统
2025-02-04 23:20:20,461 - __main__ - INFO - Search completed - Found 50 books
2025-02-04 23:20:53,588 - __main__ - INFO - Received search request - Platform: zlibrary, Keyword: 操作系统
2025-02-04 23:20:54,892 - __main__ - INFO - Search completed - Found 50 books
2025-02-04 23:24:32,718 - __main__ - INFO - Received search request - Platform: zlibrary, Keyword: 操作
2025-02-04 23:24:34,245 - __main__ - INFO - Search completed - Found 50 books
2025-02-04 23:24:37,317 - __main__ - INFO - Received search request - Platform: zlibrary, Keyword: 操作
2025-02-04 23:24:38,545 - __main__ - INFO - Search completed - Found 50 books
2025-02-04 23:24:44,000 - __main__ - INFO - Received search request - Platform: zlibrary, Keyword: 学生
2025-02-04 23:24:45,413 - __main__ - INFO - Search completed - Found 50 books
